<?xml version="1.0" encoding="UTF-8"?>
<testng-results total="0" passed="0" failed="0" skipped="0">
  <reporter-output>
  </reporter-output>
  <suite started-at="2022-11-11T15:49:20Z" name="fi.tuni.prog3.junitattainment.AttainmentNGTest" finished-at="2022-11-11T15:49:20Z" duration-ms="1">
    <groups>
    </groups>
    <test started-at="2022-11-11T15:49:20Z" name="Command line test" finished-at="2022-11-11T15:49:20Z" duration-ms="1">
    </test> <!-- Command line test -->
  </suite> <!-- fi.tuni.prog3.junitattainment.AttainmentNGTest -->
</testng-results>
