<?xml version="1.0" encoding="UTF-8"?>
<!-- Generated by org.testng.reporters.JUnitXMLReporter -->
<testsuite hostname="peppukone58" failures="1" tests="1" name="Command line test" time="0.017" errors="0" timestamp="11 Nov 2022 17:35:14 GMT">
  <testcase classname="fi.tuni.prog3.junitorder.newJavaFileNGTest" name="testMain" time="0.002">
    <failure type="java.lang.AssertionError" message="The test case is a prototype.">
      <![CDATA[java.lang.AssertionError: The test case is a prototype.
	at fi.tuni.prog3.junitorder.newJavaFileNGTest.testMain(newJavaFileNGTest.java:48)
... Removed 30 stack frames]]>
    </failure>
  </testcase> <!-- testMain -->
</testsuite> <!-- Command line test -->
